生成启动时间为 2016/4/26 2:06:28。
     1>项目“E:\Projects\CProject\OpticalFlow\OpticalFlow\OpticalFlow.vcxproj”在节点 2 上(Build 个目标)。
     1>C:\Program Files (x86)\MSBuild\Microsoft.Cpp\v4.0\V120\Microsoft.CppBuild.targets(381,5): warning MSB8028: The intermediate directory (Debug\) contains files shared from another project (OpticalFlow.vcxproj).  This can lead to incorrect clean and rebuild behavior.
     1>ClCompile:
         D:\Program Files (x86)\Microsoft Visual Studio 12.0\VC\bin\CL.exe /c /ID:\opencv\build\include /ZI /nologo /W3 /WX- /sdl- /Od /Oy- /D WIN32 /D _DEBUG /D _CONSOLE /D _LIB /D _CRT_SECURE_NO_DEPRECATE /D _SCL_SECURE_NO_DEPRECATE /D _UNICODE /D UNICODE /Gm /EHsc /RTC1 /MDd /GS /fp:precise /Zc:wchar_t /Zc:forScope /Fo"Debug\\" /Fd"Debug\vc120.pdb" /Gd /TP /analyze- /errorReport:prompt main.cpp
         main.cpp
     1>e:\projects\cproject\opticalflow\opticalflow\main.cpp(145): warning C4244: “初始化”: 从“double”转换到“float”，可能丢失数据
     1>e:\projects\cproject\opticalflow\opticalflow\main.cpp(146): warning C4244: “初始化”: 从“double”转换到“float”，可能丢失数据
     1>e:\projects\cproject\opticalflow\opticalflow\main.cpp(154): warning C4244: “初始化”: 从“double”转换到“float”，可能丢失数据
     1>e:\projects\cproject\opticalflow\opticalflow\main.cpp(155): warning C4244: “初始化”: 从“double”转换到“float”，可能丢失数据
     1>e:\projects\cproject\opticalflow\opticalflow\main.cpp(192): warning C4018: “<”: 有符号/无符号不匹配
     1>e:\projects\cproject\opticalflow\opticalflow\main.cpp(214): warning C4018: “<”: 有符号/无符号不匹配
     1>e:\projects\cproject\opticalflow\opticalflow\main.cpp(198): warning C4101: “image_face”: 未引用的局部变量
     1>e:\projects\cproject\opticalflow\opticalflow\main.cpp(275): warning C4244: “初始化”: 从“float”转换到“int”，可能丢失数据
     1>e:\projects\cproject\opticalflow\opticalflow\main.cpp(364): warning C4800: “HSCNameSpace::Vector<float> *”: 将值强制为布尔值“true”或“false”(性能警告)
       Link:
         D:\Program Files (x86)\Microsoft Visual Studio 12.0\VC\bin\link.exe /ERRORREPORT:PROMPT /OUT:"E:\Projects\CProject\OpticalFlow\Win32\Debug\AntiSpoofing.exe" /INCREMENTAL /NOLOGO /LIBPATH:D:\opencv\build\x86\vc12\lib /LIBPATH:D:\opencv\build\x86\vc12\bin opencv_core249d.lib opencv_calib3d249d.lib opencv_contrib249d.lib opencv_flann249d.lib opencv_highgui249d.lib opencv_imgproc249d.lib opencv_legacy249d.lib opencv_ml249d.lib opencv_gpu249d.lib opencv_objdetect249d.lib opencv_photo249d.lib opencv_features2d249d.lib opencv_nonfree249d.lib opencv_stitching249d.lib opencv_video249d.lib opencv_videostab249d.lib kernel32.lib user32.lib gdi32.lib winspool.lib comdlg32.lib advapi32.lib shell32.lib ole32.lib oleaut32.lib uuid.lib odbc32.lib odbccp32.lib kernel32.lib user32.lib gdi32.lib winspool.lib comdlg32.lib advapi32.lib shell32.lib ole32.lib oleaut32.lib uuid.lib odbc32.lib odbccp32.lib /MANIFEST /MANIFESTUAC:"level='asInvoker' uiAccess='false'" /manifest:embed /DEBUG /PDB:"E:\Projects\CProject\OpticalFlow\Win32\Debug\AntiSpoofing.pdb" /SUBSYSTEM:CONSOLE /TLBID:1 /DYNAMICBASE /NXCOMPAT /IMPLIB:"E:\Projects\CProject\OpticalFlow\Win32\Debug\AntiSpoofing.lib" /MACHINE:X86 Debug\HSC.obj
         Debug\HSCmatrices.obj
         Debug\maths.obj
         Debug\misc.obj
         Debug\main.obj
         Debug\stdafx.obj
         OpticalFlow.vcxproj -> E:\Projects\CProject\OpticalFlow\Win32\Debug\AntiSpoofing.exe
     1>已完成生成项目“E:\Projects\CProject\OpticalFlow\OpticalFlow\OpticalFlow.vcxproj”(Build 个目标)的操作。

生成成功。

已用时间 00:00:04.72
